{"contracts\\MyDeFi.sol":{"l":{"62":2,"63":1,"66":1,"74":2,"75":2,"76":2,"77":1,"80":1,"82":1,"88":3,"89":1,"91":2,"99":0,"100":0,"106":2},"path":"C:\\Users\\fateme\\Desktop\\blockchain\\uniplato-task-blockchain\\onchain\\contracts\\MyDeFi.sol","s":{"1":2,"2":1,"3":2,"4":2,"5":2,"6":1,"7":3,"8":0,"9":0,"10":2},"b":{"1":[1,1],"2":[1,1],"3":[1,2]},"f":{"1":3,"2":2,"3":2,"4":3,"5":0,"6":2},"fnMap":{"1":{"name":"constructor","line":55,"loc":{"start":{"line":55,"column":4},"end":{"line":55,"column":43}}},"2":{"name":"mint","line":61,"loc":{"start":{"line":61,"column":4},"end":{"line":67,"column":4}}},"3":{"name":"mintDiposit","line":73,"loc":{"start":{"line":73,"column":4},"end":{"line":83,"column":4}}},"4":{"name":"diposit","line":87,"loc":{"start":{"line":87,"column":4},"end":{"line":92,"column":4}}},"5":{"name":"_mint","line":98,"loc":{"start":{"line":98,"column":4},"end":{"line":101,"column":4}}},"6":{"name":"getBalance","line":105,"loc":{"start":{"line":105,"column":4},"end":{"line":107,"column":4}}}},"statementMap":{"1":{"start":{"line":62,"column":8},"end":{"line":62,"column":1516}},"2":{"start":{"line":66,"column":8},"end":{"line":66,"column":33}},"3":{"start":{"line":74,"column":8},"end":{"line":74,"column":48}},"4":{"start":{"line":75,"column":8},"end":{"line":75,"column":52}},"5":{"start":{"line":76,"column":8},"end":{"line":76,"column":1994}},"6":{"start":{"line":82,"column":8},"end":{"line":82,"column":33}},"7":{"start":{"line":88,"column":8},"end":{"line":88,"column":2316}},"8":{"start":{"line":99,"column":8},"end":{"line":99,"column":39}},"9":{"start":{"line":100,"column":8},"end":{"line":100,"column":45}},"10":{"start":{"line":106,"column":8},"end":{"line":106,"column":37}}},"branchMap":{"1":{"line":62,"type":"if","locations":[{"start":{"line":62,"column":8},"end":{"line":62,"column":8}},{"start":{"line":62,"column":8},"end":{"line":62,"column":8}}]},"2":{"line":76,"type":"if","locations":[{"start":{"line":76,"column":8},"end":{"line":76,"column":8}},{"start":{"line":76,"column":8},"end":{"line":76,"column":8}}]},"3":{"line":88,"type":"if","locations":[{"start":{"line":88,"column":8},"end":{"line":88,"column":8}},{"start":{"line":88,"column":8},"end":{"line":88,"column":8}}]}}}}